==> Resuming from checkpoint..
loading verifier:  mobilenet_v2
/opt/miniconda3/lib/python3.11/site-packages/torchvision/models/_utils.py:223: UserWarning: Arguments other than a weight enum or `None` for 'weights' are deprecated since 0.13 and may be removed in the future. The current behavior is equivalent to passing `weights=MobileNet_V2_Weights.IMAGENET1K_V1`. You can also use `weights=MobileNet_V2_Weights.DEFAULT` to get the most up-to-date weights.
  warnings.warn(msg)
Deep inversion class generation
get_images call
------------iteration 100----------
criterion_loss 0.1840340942144394
loss_var_l1 2.8641035556793213
loss_var_l2 6559.05322265625
loss_l2 156.46600341796875
loss_r_feature 327.3980712890625
loss_aux 3.931450605392456
total loss 4.115484714508057
Verifier accuracy:  0.0
------------iteration 200----------
criterion_loss 0.12753012776374817
loss_var_l1 2.6526665687561035
loss_var_l2 6347.892578125
loss_l2 188.64979553222656
loss_r_feature 260.98089599609375
loss_aux 3.2464847564697266
total loss 3.3740148544311523
Verifier accuracy:  2.3809523582458496
------------iteration 300----------
criterion_loss 0.13552792370319366
loss_var_l1 2.416614294052124
loss_var_l2 5796.1552734375
loss_l2 208.02467346191406
loss_r_feature 205.83900451660156
loss_aux 2.6400856971740723
total loss 2.77561354637146
Verifier accuracy:  4.761904716491699
------------iteration 400----------
criterion_loss 0.027775662019848824
loss_var_l1 2.313448429107666
loss_var_l2 5546.13720703125
loss_l2 222.8433837890625
loss_r_feature 176.0728759765625
loss_aux 2.317570924758911
total loss 2.345346689224243
Verifier accuracy:  7.142857074737549
------------iteration 500----------
criterion_loss 0.04764590412378311
loss_var_l1 2.0483522415161133
loss_var_l2 4931.095703125
loss_l2 229.8399200439453
loss_r_feature 133.03443908691406
loss_aux 1.8257522583007812
total loss 1.8733981847763062
Verifier accuracy:  10.714285850524902
------------iteration 600----------
criterion_loss 0.0631667971611023
loss_var_l1 1.8636373281478882
loss_var_l2 4588.931640625
loss_l2 233.13661193847656
loss_r_feature 113.70527648925781
loss_aux 1.5982773303985596
total loss 1.6614441871643066
Verifier accuracy:  13.095237731933594
------------iteration 700----------
criterion_loss 0.0026779668405652046
loss_var_l1 1.711932897567749
loss_var_l2 4154.83935546875
loss_l2 233.33758544921875
loss_r_feature 95.16271209716797
loss_aux 1.3694443702697754
total loss 1.3721222877502441
Verifier accuracy:  9.523809432983398
------------iteration 800----------
criterion_loss 0.0033838478848338127
loss_var_l1 1.6337355375289917
loss_var_l2 3931.626953125
loss_l2 233.71621704101562
loss_r_feature 85.86573028564453
loss_aux 1.2541571855545044
total loss 1.2575410604476929
Verifier accuracy:  16.66666603088379
------------iteration 900----------
criterion_loss 0.0019959125202149153
loss_var_l1 1.2996937036514282
loss_var_l2 3154.28662109375
loss_l2 231.39230346679688
loss_r_feature 55.632354736328125
loss_aux 0.8740660548210144
total loss 0.8760619759559631
Verifier accuracy:  22.619047164916992
------------iteration 1000----------
criterion_loss 0.01626427471637726
loss_var_l1 1.2940179109573364
loss_var_l2 3061.565185546875
loss_l2 231.26058959960938
loss_r_feature 53.85193634033203
loss_aux 0.8469884395599365
total loss 0.8632526993751526
Verifier accuracy:  22.619047164916992
------------iteration 1100----------
criterion_loss 0.003368831705302
loss_var_l1 1.044217824935913
loss_var_l2 2526.947265625
loss_l2 228.82403564453125
loss_r_feature 35.78995132446289
loss_aux 0.6128824949264526
total loss 0.6162513494491577
Verifier accuracy:  27.380952835083008
------------iteration 1200----------
criterion_loss 0.0013268108014017344
loss_var_l1 0.9819620251655579
loss_var_l2 2330.9150390625
loss_l2 228.78158569335938
loss_r_feature 33.53960037231445
loss_aux 0.5707753300666809
total loss 0.5721021294593811
Verifier accuracy:  38.095237731933594
------------iteration 1300----------
criterion_loss 0.0036975571420043707
loss_var_l1 0.8861395120620728
loss_var_l2 2098.359619140625
loss_l2 227.37908935546875
loss_r_feature 28.922056198120117
loss_aux 0.5013303160667419
total loss 0.5050278902053833
Verifier accuracy:  38.095237731933594
------------iteration 1400----------
criterion_loss 0.0019249016186222434
loss_var_l1 0.8446141481399536
loss_var_l2 2017.9945068359375
loss_l2 227.35951232910156
loss_r_feature 23.921674728393555
loss_aux 0.44328978657722473
total loss 0.4452146887779236
Verifier accuracy:  29.761903762817383
------------iteration 1500----------
criterion_loss 0.0006941386382095516
loss_var_l1 0.7954100370407104
loss_var_l2 1938.681640625
loss_l2 226.98619079589844
loss_r_feature 19.575458526611328
loss_aux 0.39189261198043823
total loss 0.39258673787117004
Verifier accuracy:  40.47618865966797
------------iteration 1600----------
criterion_loss 0.001219254219904542
loss_var_l1 0.7379534840583801
loss_var_l2 1868.514892578125
loss_l2 226.74822998046875
loss_r_feature 18.006301879882812
loss_aux 0.3691819906234741
total loss 0.3704012334346771
Verifier accuracy:  36.904762268066406
------------iteration 1700----------
criterion_loss 0.00055417709518224
loss_var_l1 0.703550398349762
loss_var_l2 1847.1309814453125
loss_l2 226.49107360839844
loss_r_feature 14.834086418151855
loss_aux 0.3353188633918762
total loss 0.3358730375766754
Verifier accuracy:  38.095237731933594
------------iteration 1800----------
criterion_loss 0.0009840159909799695
loss_var_l1 0.6693622469902039
loss_var_l2 1828.500244140625
loss_l2 226.40939331054688
loss_r_feature 13.011602401733398
loss_aux 0.315230131149292
total loss 0.3162141442298889
Verifier accuracy:  39.28571319580078
------------iteration 1900----------
criterion_loss 0.0009931465610861778
loss_var_l1 0.6482940912246704
loss_var_l2 1818.234619140625
loss_l2 226.33489990234375
loss_r_feature 11.405627250671387
loss_aux 0.29814305901527405
total loss 0.2991361916065216
Verifier accuracy:  36.904762268066406
------------iteration 2000----------
criterion_loss 0.0007715362007729709
loss_var_l1 0.6447208523750305
loss_var_l2 1817.010009765625
loss_l2 226.33290100097656
loss_r_feature 11.461708068847656
loss_aux 0.29858139157295227
total loss 0.2993529140949249
Verifier accuracy:  35.71428680419922
------------iteration 2100----------
criterion_loss 0.0028591102454811335
loss_var_l1 1.281647801399231
loss_var_l2 6564.1298828125
loss_l2 463.17449951171875
loss_r_feature 60.27100372314453
loss_aux 1.2637547254562378
total loss 1.2666138410568237
Verifier accuracy:  64.28571319580078
------------iteration 2200----------
criterion_loss 0.0022459595929831266
loss_var_l1 1.3306026458740234
loss_var_l2 6406.59765625
loss_l2 463.6051025390625
loss_r_feature 65.60639953613281
loss_aux 1.30135977268219
total loss 1.3036056756973267
Verifier accuracy:  71.42857360839844
------------iteration 2300----------
criterion_loss 0.0012602393981069326
loss_var_l1 1.156489610671997
loss_var_l2 5763.31103515625
loss_l2 463.9962463378906
loss_r_feature 48.686397552490234
loss_aux 1.0678349733352661
total loss 1.069095253944397
Verifier accuracy:  75.0
------------iteration 2400----------
criterion_loss 0.010087628848850727
loss_var_l1 1.0178606510162354
loss_var_l2 4828.13916015625
loss_l2 460.6448059082031
loss_r_feature 41.85487365722656
loss_aux 0.9059690833091736
total loss 0.9160566926002502
Verifier accuracy:  76.19047546386719
------------iteration 2500----------
criterion_loss 0.0013917268952354789
loss_var_l1 0.9436836242675781
loss_var_l2 4460.57861328125
loss_l2 459.6122741699219
loss_r_feature 32.222267150878906
loss_aux 0.7728766202926636
total loss 0.7742683291435242
Verifier accuracy:  91.66666412353516
------------iteration 2600----------
criterion_loss 0.0013016459997743368
loss_var_l1 0.8930726051330566
loss_var_l2 4267.173828125
loss_l2 458.4002990722656
loss_r_feature 30.301359176635742
loss_aux 0.7343149781227112
total loss 0.7356166243553162
Verifier accuracy:  95.23809814453125
------------iteration 2700----------
criterion_loss 0.0006911589880473912
loss_var_l1 0.8247867226600647
loss_var_l2 3988.42431640625
loss_l2 457.8849182128906
loss_r_feature 23.431835174560547
loss_aux 0.6377395987510681
total loss 0.6384307742118835
Verifier accuracy:  97.61904907226562
------------iteration 2800----------
criterion_loss 0.0012895165709778666
loss_var_l1 0.7645337581634521
loss_var_l2 3816.75244140625
loss_l2 456.4417724609375
loss_r_feature 18.63274383544922
loss_aux 0.5725671052932739
total loss 0.5738565921783447
Verifier accuracy:  97.61904907226562
------------iteration 2900----------
criterion_loss 0.0007114997715689242
loss_var_l1 0.7083226442337036
loss_var_l2 3716.3916015625
loss_l2 456.1721496582031
loss_r_feature 12.33985424041748
loss_aux 0.499599426984787
total loss 0.5003108978271484
Verifier accuracy:  98.80952453613281
------------iteration 3000----------
criterion_loss 0.0004889823030680418
loss_var_l1 0.6864426136016846
loss_var_l2 3677.0517578125
loss_l2 456.0952453613281
loss_r_feature 11.327542304992676
loss_aux 0.48554152250289917
total loss 0.4860305190086365
Verifier accuracy:  98.80952453613281